{"@timestamp": "2026-07-06T08:02:48+00:00", "host": {"name": "DC-01"}, "event": {"code": "4624", "provider": "Microsoft-Windows-Security-Auditing", "action": "logged-in", "category": ["authentication"], "outcome": "success"}, "winlog": {"channel": "Security", "event_id": 4624}, "user": {"name": "alice", "domain": "CORP"}, "source": {"ip": "10.20.30.38", "geo": {"country_name": "Spain", "city_name": "Madrid"}}, "winlog_logon_type": 3}
{"@timestamp": "2026-07-06T08:10:15+00:00", "host": {"name": "DC-01"}, "event": {"code": "4624", "provider": "Microsoft-Windows-Security-Auditing", "action": "logged-in", "category": ["authentication"], "outcome": "success"}, "winlog": {"channel": "Security", "event_id": 4624}, "user": {"name": "carol", "domain": "CORP"}, "source": {"ip": "10.20.30.25", "geo": {"country_name": "Spain", "city_name": "Madrid"}}, "winlog_logon_type": 3}
{"@timestamp": "2026-07-06T08:14:38+00:00", "host": {"name": "DC-01"}, "event": {"code": "4624", "provider": "Microsoft-Windows-Security-Auditing", "action": "logged-in", "category": ["authentication"], "outcome": "success"}, "winlog": {"channel": "Security", "event_id": 4624}, "user": {"name": "bob", "domain": "CORP"}, "source": {"ip": "10.20.30.28", "geo": {"country_name": "Spain", "city_name": "Madrid"}}, "winlog_logon_type": 3}
{"@timestamp": "2026-07-06T08:19:30+00:00", "host": {"name": "DC-01"}, "event": {"code": "4624", "provider": "Microsoft-Windows-Security-Auditing", "action": "logged-in", "category": ["authentication"], "outcome": "success"}, "winlog": {"channel": "Security", "event_id": 4624}, "user": {"name": "bob", "domain": "CORP"}, "source": {"ip": "10.20.30.19", "geo": {"country_name": "Spain", "city_name": "Madrid"}}, "winlog_logon_type": 3}
{"@timestamp": "2026-07-06T08:25:25+00:00", "host": {"name": "DC-01"}, "event": {"code": "4624", "provider": "Microsoft-Windows-Security-Auditing", "action": "logged-in", "category": ["authentication"], "outcome": "success"}, "winlog": {"channel": "Security", "event_id": 4624}, "user": {"name": "carol", "domain": "CORP"}, "source": {"ip": "10.20.30.32", "geo": {"country_name": "Spain", "city_name": "Madrid"}}, "winlog_logon_type": 3}
{"@timestamp": "2026-07-06T08:30:15+00:00", "host": {"name": "DC-01"}, "event": {"code": "4634", "provider": "Microsoft-Windows-Security-Auditing", "action": "logged-off", "category": ["authentication"], "outcome": "success"}, "winlog": {"channel": "Security", "event_id": 4634}, "user": {"name": "carol", "domain": "CORP"}}
{"@timestamp": "2026-07-06T08:31:47+00:00", "host": {"name": "DC-01"}, "event": {"code": "4624", "provider": "Microsoft-Windows-Security-Auditing", "action": "logged-in", "category": ["authentication"], "outcome": "success"}, "winlog": {"channel": "Security", "event_id": 4624}, "user": {"name": "alice", "domain": "CORP"}, "source": {"ip": "10.20.30.37", "geo": {"country_name": "Spain", "city_name": "Madrid"}}, "winlog_logon_type": 3}
{"@timestamp": "2026-07-06T08:32:55+00:00", "host": {"name": "DC-01"}, "event": {"code": "4624", "provider": "Microsoft-Windows-Security-Auditing", "action": "logged-in", "category": ["authentication"], "outcome": "success"}, "winlog": {"channel": "Security", "event_id": 4624}, "user": {"name": "alice", "domain": "CORP"}, "source": {"ip": "10.20.30.33", "geo": {"country_name": "Spain", "city_name": "Madrid"}}, "winlog_logon_type": 3}
{"@timestamp": "2026-07-06T08:38:20+00:00", "host": {"name": "DC-01"}, "event": {"code": "4624", "provider": "Microsoft-Windows-Security-Auditing", "action": "logged-in", "category": ["authentication"], "outcome": "success"}, "winlog": {"channel": "Security", "event_id": 4624}, "user": {"name": "dave", "domain": "CORP"}, "source": {"ip": "10.20.30.30", "geo": {"country_name": "Spain", "city_name": "Madrid"}}, "winlog_logon_type": 3}
{"@timestamp": "2026-07-06T08:41:03+00:00", "host": {"name": "DC-01"}, "event": {"code": "4624", "provider": "Microsoft-Windows-Security-Auditing", "action": "logged-in", "category": ["authentication"], "outcome": "success"}, "winlog": {"channel": "Security", "event_id": 4624}, "user": {"name": "carol", "domain": "CORP"}, "source": {"ip": "10.20.30.10", "geo": {"country_name": "Spain", "city_name": "Madrid"}}, "winlog_logon_type": 3}
{"@timestamp": "2026-07-06T08:44:10+00:00", "host": {"name": "DC-01"}, "event": {"code": "4624", "provider": "Microsoft-Windows-Security-Auditing", "action": "logged-in", "category": ["authentication"], "outcome": "success"}, "winlog": {"channel": "Security", "event_id": 4624}, "user": {"name": "svc_backup", "domain": "CORP"}, "source": {"ip": "10.20.30.34", "geo": {"country_name": "Spain", "city_name": "Madrid"}}, "winlog_logon_type": 3}
{"@timestamp": "2026-07-06T08:51:32+00:00", "host": {"name": "DC-01"}, "event": {"code": "4624", "provider": "Microsoft-Windows-Security-Auditing", "action": "logged-in", "category": ["authentication"], "outcome": "success"}, "winlog": {"channel": "Security", "event_id": 4624}, "user": {"name": "svc_backup", "domain": "CORP"}, "source": {"ip": "10.20.30.31", "geo": {"country_name": "Spain", "city_name": "Madrid"}}, "winlog_logon_type": 3}
{"@timestamp": "2026-07-06T08:51:47+00:00", "host": {"name": "DC-01"}, "event": {"code": "4634", "provider": "Microsoft-Windows-Security-Auditing", "action": "logged-off", "category": ["authentication"], "outcome": "success"}, "winlog": {"channel": "Security", "event_id": 4634}, "user": {"name": "alice", "domain": "CORP"}}
{"@timestamp": "2026-07-06T08:52:55+00:00", "host": {"name": "DC-01"}, "event": {"code": "4634", "provider": "Microsoft-Windows-Security-Auditing", "action": "logged-off", "category": ["authentication"], "outcome": "success"}, "winlog": {"channel": "Security", "event_id": 4634}, "user": {"name": "alice", "domain": "CORP"}}
{"@timestamp": "2026-07-06T08:58:56+00:00", "host": {"name": "DC-01"}, "event": {"code": "4624", "provider": "Microsoft-Windows-Security-Auditing", "action": "logged-in", "category": ["authentication"], "outcome": "success"}, "winlog": {"channel": "Security", "event_id": 4624}, "user": {"name": "carol", "domain": "CORP"}, "source": {"ip": "10.20.30.27", "geo": {"country_name": "Spain", "city_name": "Madrid"}}, "winlog_logon_type": 3}
{"@timestamp": "2026-07-06T09:00:00+00:00", "host": {"name": "DC-01"}, "event": {"code": "4624", "provider": "Microsoft-Windows-Security-Auditing", "action": "logged-in", "category": ["authentication"], "outcome": "success"}, "winlog": {"channel": "Security", "event_id": 4624}, "user": {"name": "alice", "domain": "CORP"}, "source": {"ip": "10.20.30.15", "geo": {"country_name": "Spain", "city_name": "Madrid"}}}
{"@timestamp": "2026-07-06T09:01:03+00:00", "host": {"name": "DC-01"}, "event": {"code": "4634", "provider": "Microsoft-Windows-Security-Auditing", "action": "logged-off", "category": ["authentication"], "outcome": "success"}, "winlog": {"channel": "Security", "event_id": 4634}, "user": {"name": "carol", "domain": "CORP"}}
{"@timestamp": "2026-07-06T09:04:10+00:00", "host": {"name": "DC-01"}, "event": {"code": "4634", "provider": "Microsoft-Windows-Security-Auditing", "action": "logged-off", "category": ["authentication"], "outcome": "success"}, "winlog": {"channel": "Security", "event_id": 4634}, "user": {"name": "svc_backup", "domain": "CORP"}}
{"@timestamp": "2026-07-06T09:06:40+00:00", "host": {"name": "DC-01"}, "event": {"code": "4624", "provider": "Microsoft-Windows-Security-Auditing", "action": "logged-in", "category": ["authentication"], "outcome": "success"}, "winlog": {"channel": "Security", "event_id": 4624}, "user": {"name": "dave", "domain": "CORP"}, "source": {"ip": "10.20.30.38", "geo": {"country_name": "Spain", "city_name": "Madrid"}}, "winlog_logon_type": 3}
{"@timestamp": "2026-07-06T09:08:22+00:00", "host": {"name": "DC-01"}, "event": {"code": "4624", "provider": "Microsoft-Windows-Security-Auditing", "action": "logged-in", "category": ["authentication"], "outcome": "success"}, "winlog": {"channel": "Security", "event_id": 4624}, "user": {"name": "bob", "domain": "CORP"}, "source": {"ip": "10.20.30.32", "geo": {"country_name": "Spain", "city_name": "Madrid"}}, "winlog_logon_type": 3}
{"@timestamp": "2026-07-06T09:09:00+00:00", "host": {"name": "DC-01"}, "event": {"code": "4624", "provider": "Microsoft-Windows-Security-Auditing", "action": "logged-in", "category": ["authentication"], "outcome": "success"}, "winlog": {"channel": "Security", "event_id": 4624}, "user": {"name": "alice", "domain": "CORP"}, "source": {"ip": "203.0.113.200", "geo": {"country_name": "Singapore", "city_name": "Singapore"}}}
{"@timestamp": "2026-07-06T09:14:53+00:00", "host": {"name": "DC-01"}, "event": {"code": "4624", "provider": "Microsoft-Windows-Security-Auditing", "action": "logged-in", "category": ["authentication"], "outcome": "success"}, "winlog": {"channel": "Security", "event_id": 4624}, "user": {"name": "bob", "domain": "CORP"}, "source": {"ip": "10.20.30.20", "geo": {"country_name": "Spain", "city_name": "Madrid"}}, "winlog_logon_type": 3}
{"@timestamp": "2026-07-06T09:18:13+00:00", "host": {"name": "DC-01"}, "event": {"code": "4624", "provider": "Microsoft-Windows-Security-Auditing", "action": "logged-in", "category": ["authentication"], "outcome": "success"}, "winlog": {"channel": "Security", "event_id": 4624}, "user": {"name": "svc_backup", "domain": "CORP"}, "source": {"ip": "10.20.30.13", "geo": {"country_name": "Spain", "city_name": "Madrid"}}, "winlog_logon_type": 3}
{"@timestamp": "2026-07-06T09:23:52+00:00", "host": {"name": "DC-01"}, "event": {"code": "4624", "provider": "Microsoft-Windows-Security-Auditing", "action": "logged-in", "category": ["authentication"], "outcome": "success"}, "winlog": {"channel": "Security", "event_id": 4624}, "user": {"name": "svc_backup", "domain": "CORP"}, "source": {"ip": "10.20.30.17", "geo": {"country_name": "Spain", "city_name": "Madrid"}}, "winlog_logon_type": 3}
{"@timestamp": "2026-07-06T09:28:02+00:00", "host": {"name": "DC-01"}, "event": {"code": "4624", "provider": "Microsoft-Windows-Security-Auditing", "action": "logged-in", "category": ["authentication"], "outcome": "success"}, "winlog": {"channel": "Security", "event_id": 4624}, "user": {"name": "svc_backup", "domain": "CORP"}, "source": {"ip": "10.20.30.33", "geo": {"country_name": "Spain", "city_name": "Madrid"}}, "winlog_logon_type": 3}
{"@timestamp": "2026-07-06T09:32:37+00:00", "host": {"name": "DC-01"}, "event": {"code": "4624", "provider": "Microsoft-Windows-Security-Auditing", "action": "logged-in", "category": ["authentication"], "outcome": "success"}, "winlog": {"channel": "Security", "event_id": 4624}, "user": {"name": "dave", "domain": "CORP"}, "source": {"ip": "10.20.30.20", "geo": {"country_name": "Spain", "city_name": "Madrid"}}, "winlog_logon_type": 3}
{"@timestamp": "2026-07-06T09:34:53+00:00", "host": {"name": "DC-01"}, "event": {"code": "4634", "provider": "Microsoft-Windows-Security-Auditing", "action": "logged-off", "category": ["authentication"], "outcome": "success"}, "winlog": {"channel": "Security", "event_id": 4634}, "user": {"name": "bob", "domain": "CORP"}}
{"@timestamp": "2026-07-06T09:39:27+00:00", "host": {"name": "DC-01"}, "event": {"code": "4624", "provider": "Microsoft-Windows-Security-Auditing", "action": "logged-in", "category": ["authentication"], "outcome": "success"}, "winlog": {"channel": "Security", "event_id": 4624}, "user": {"name": "carol", "domain": "CORP"}, "source": {"ip": "10.20.30.30", "geo": {"country_name": "Spain", "city_name": "Madrid"}}, "winlog_logon_type": 3}
{"@timestamp": "2026-07-06T09:46:52+00:00", "host": {"name": "DC-01"}, "event": {"code": "4624", "provider": "Microsoft-Windows-Security-Auditing", "action": "logged-in", "category": ["authentication"], "outcome": "success"}, "winlog": {"channel": "Security", "event_id": 4624}, "user": {"name": "carol", "domain": "CORP"}, "source": {"ip": "10.20.30.17", "geo": {"country_name": "Spain", "city_name": "Madrid"}}, "winlog_logon_type": 3}
{"@timestamp": "2026-07-06T09:48:02+00:00", "host": {"name": "DC-01"}, "event": {"code": "4634", "provider": "Microsoft-Windows-Security-Auditing", "action": "logged-off", "category": ["authentication"], "outcome": "success"}, "winlog": {"channel": "Security", "event_id": 4634}, "user": {"name": "svc_backup", "domain": "CORP"}}
{"@timestamp": "2026-07-06T09:49:13+00:00", "host": {"name": "DC-01"}, "event": {"code": "4624", "provider": "Microsoft-Windows-Security-Auditing", "action": "logged-in", "category": ["authentication"], "outcome": "success"}, "winlog": {"channel": "Security", "event_id": 4624}, "user": {"name": "svc_backup", "domain": "CORP"}, "source": {"ip": "10.20.30.35", "geo": {"country_name": "Spain", "city_name": "Madrid"}}, "winlog_logon_type": 3}
{"@timestamp": "2026-07-06T09:52:37+00:00", "host": {"name": "DC-01"}, "event": {"code": "4634", "provider": "Microsoft-Windows-Security-Auditing", "action": "logged-off", "category": ["authentication"], "outcome": "success"}, "winlog": {"channel": "Security", "event_id": 4634}, "user": {"name": "dave", "domain": "CORP"}}
{"@timestamp": "2026-07-06T09:52:53+00:00", "host": {"name": "DC-01"}, "event": {"code": "4624", "provider": "Microsoft-Windows-Security-Auditing", "action": "logged-in", "category": ["authentication"], "outcome": "success"}, "winlog": {"channel": "Security", "event_id": 4624}, "user": {"name": "dave", "domain": "CORP"}, "source": {"ip": "10.20.30.30", "geo": {"country_name": "Spain", "city_name": "Madrid"}}, "winlog_logon_type": 3}
{"@timestamp": "2026-07-06T09:54:55+00:00", "host": {"name": "DC-01"}, "event": {"code": "4624", "provider": "Microsoft-Windows-Security-Auditing", "action": "logged-in", "category": ["authentication"], "outcome": "success"}, "winlog": {"channel": "Security", "event_id": 4624}, "user": {"name": "carol", "domain": "CORP"}, "source": {"ip": "10.20.30.16", "geo": {"country_name": "Spain", "city_name": "Madrid"}}, "winlog_logon_type": 3}
{"@timestamp": "2026-07-06T09:57:27+00:00", "host": {"name": "DC-01"}, "event": {"code": "4624", "provider": "Microsoft-Windows-Security-Auditing", "action": "logged-in", "category": ["authentication"], "outcome": "success"}, "winlog": {"channel": "Security", "event_id": 4624}, "user": {"name": "bob", "domain": "CORP"}, "source": {"ip": "10.20.30.29", "geo": {"country_name": "Spain", "city_name": "Madrid"}}, "winlog_logon_type": 3}
{"@timestamp": "2026-07-06T10:05:27+00:00", "host": {"name": "DC-01"}, "event": {"code": "4624", "provider": "Microsoft-Windows-Security-Auditing", "action": "logged-in", "category": ["authentication"], "outcome": "success"}, "winlog": {"channel": "Security", "event_id": 4624}, "user": {"name": "svc_backup", "domain": "CORP"}, "source": {"ip": "10.20.30.34", "geo": {"country_name": "Spain", "city_name": "Madrid"}}, "winlog_logon_type": 3}
{"@timestamp": "2026-07-06T10:09:13+00:00", "host": {"name": "DC-01"}, "event": {"code": "4634", "provider": "Microsoft-Windows-Security-Auditing", "action": "logged-off", "category": ["authentication"], "outcome": "success"}, "winlog": {"channel": "Security", "event_id": 4634}, "user": {"name": "svc_backup", "domain": "CORP"}}
{"@timestamp": "2026-07-06T10:12:53+00:00", "host": {"name": "DC-01"}, "event": {"code": "4634", "provider": "Microsoft-Windows-Security-Auditing", "action": "logged-off", "category": ["authentication"], "outcome": "success"}, "winlog": {"channel": "Security", "event_id": 4634}, "user": {"name": "dave", "domain": "CORP"}}
{"@timestamp": "2026-07-06T10:13:41+00:00", "host": {"name": "DC-01"}, "event": {"code": "4624", "provider": "Microsoft-Windows-Security-Auditing", "action": "logged-in", "category": ["authentication"], "outcome": "success"}, "winlog": {"channel": "Security", "event_id": 4624}, "user": {"name": "bob", "domain": "CORP"}, "source": {"ip": "10.20.30.29", "geo": {"country_name": "Spain", "city_name": "Madrid"}}, "winlog_logon_type": 3}
{"@timestamp": "2026-07-06T10:14:55+00:00", "host": {"name": "DC-01"}, "event": {"code": "4634", "provider": "Microsoft-Windows-Security-Auditing", "action": "logged-off", "category": ["authentication"], "outcome": "success"}, "winlog": {"channel": "Security", "event_id": 4634}, "user": {"name": "carol", "domain": "CORP"}}
{"@timestamp": "2026-07-06T10:18:14+00:00", "host": {"name": "DC-01"}, "event": {"code": "4624", "provider": "Microsoft-Windows-Security-Auditing", "action": "logged-in", "category": ["authentication"], "outcome": "success"}, "winlog": {"channel": "Security", "event_id": 4624}, "user": {"name": "bob", "domain": "CORP"}, "source": {"ip": "10.20.30.15", "geo": {"country_name": "Spain", "city_name": "Madrid"}}, "winlog_logon_type": 3}
{"@timestamp": "2026-07-06T10:25:25+00:00", "host": {"name": "DC-01"}, "event": {"code": "4624", "provider": "Microsoft-Windows-Security-Auditing", "action": "logged-in", "category": ["authentication"], "outcome": "success"}, "winlog": {"channel": "Security", "event_id": 4624}, "user": {"name": "svc_backup", "domain": "CORP"}, "source": {"ip": "10.20.30.23", "geo": {"country_name": "Spain", "city_name": "Madrid"}}, "winlog_logon_type": 3}
{"@timestamp": "2026-07-06T10:32:17+00:00", "host": {"name": "DC-01"}, "event": {"code": "4624", "provider": "Microsoft-Windows-Security-Auditing", "action": "logged-in", "category": ["authentication"], "outcome": "success"}, "winlog": {"channel": "Security", "event_id": 4624}, "user": {"name": "bob", "domain": "CORP"}, "source": {"ip": "10.20.30.36", "geo": {"country_name": "Spain", "city_name": "Madrid"}}, "winlog_logon_type": 3}
{"@timestamp": "2026-07-06T10:37:01+00:00", "host": {"name": "DC-01"}, "event": {"code": "4624", "provider": "Microsoft-Windows-Security-Auditing", "action": "logged-in", "category": ["authentication"], "outcome": "success"}, "winlog": {"channel": "Security", "event_id": 4624}, "user": {"name": "carol", "domain": "CORP"}, "source": {"ip": "10.20.30.26", "geo": {"country_name": "Spain", "city_name": "Madrid"}}, "winlog_logon_type": 3}
{"@timestamp": "2026-07-06T10:38:14+00:00", "host": {"name": "DC-01"}, "event": {"code": "4634", "provider": "Microsoft-Windows-Security-Auditing", "action": "logged-off", "category": ["authentication"], "outcome": "success"}, "winlog": {"channel": "Security", "event_id": 4634}, "user": {"name": "bob", "domain": "CORP"}}
{"@timestamp": "2026-07-06T10:42:12+00:00", "host": {"name": "DC-01"}, "event": {"code": "4624", "provider": "Microsoft-Windows-Security-Auditing", "action": "logged-in", "category": ["authentication"], "outcome": "success"}, "winlog": {"channel": "Security", "event_id": 4624}, "user": {"name": "carol", "domain": "CORP"}, "source": {"ip": "10.20.30.28", "geo": {"country_name": "Spain", "city_name": "Madrid"}}, "winlog_logon_type": 3}
{"@timestamp": "2026-07-06T10:45:28+00:00", "host": {"name": "DC-01"}, "event": {"code": "4624", "provider": "Microsoft-Windows-Security-Auditing", "action": "logged-in", "category": ["authentication"], "outcome": "success"}, "winlog": {"channel": "Security", "event_id": 4624}, "user": {"name": "svc_backup", "domain": "CORP"}, "source": {"ip": "10.20.30.11", "geo": {"country_name": "Spain", "city_name": "Madrid"}}, "winlog_logon_type": 3}
{"@timestamp": "2026-07-06T10:49:20+00:00", "host": {"name": "DC-01"}, "event": {"code": "4624", "provider": "Microsoft-Windows-Security-Auditing", "action": "logged-in", "category": ["authentication"], "outcome": "success"}, "winlog": {"channel": "Security", "event_id": 4624}, "user": {"name": "bob", "domain": "CORP"}, "source": {"ip": "10.20.30.30", "geo": {"country_name": "Spain", "city_name": "Madrid"}}, "winlog_logon_type": 3}
{"@timestamp": "2026-07-06T10:55:37+00:00", "host": {"name": "DC-01"}, "event": {"code": "4624", "provider": "Microsoft-Windows-Security-Auditing", "action": "logged-in", "category": ["authentication"], "outcome": "success"}, "winlog": {"channel": "Security", "event_id": 4624}, "user": {"name": "alice", "domain": "CORP"}, "source": {"ip": "10.20.30.10", "geo": {"country_name": "Spain", "city_name": "Madrid"}}, "winlog_logon_type": 3}
{"@timestamp": "2026-07-06T10:56:52+00:00", "host": {"name": "DC-01"}, "event": {"code": "4624", "provider": "Microsoft-Windows-Security-Auditing", "action": "logged-in", "category": ["authentication"], "outcome": "success"}, "winlog": {"channel": "Security", "event_id": 4624}, "user": {"name": "bob", "domain": "CORP"}, "source": {"ip": "10.20.30.10", "geo": {"country_name": "Spain", "city_name": "Madrid"}}, "winlog_logon_type": 3}
{"@timestamp": "2026-07-06T10:59:56+00:00", "host": {"name": "DC-01"}, "event": {"code": "4624", "provider": "Microsoft-Windows-Security-Auditing", "action": "logged-in", "category": ["authentication"], "outcome": "success"}, "winlog": {"channel": "Security", "event_id": 4624}, "user": {"name": "alice", "domain": "CORP"}, "source": {"ip": "10.20.30.18", "geo": {"country_name": "Spain", "city_name": "Madrid"}}, "winlog_logon_type": 3}
{"@timestamp": "2026-07-06T11:01:48+00:00", "host": {"name": "DC-01"}, "event": {"code": "4624", "provider": "Microsoft-Windows-Security-Auditing", "action": "logged-in", "category": ["authentication"], "outcome": "success"}, "winlog": {"channel": "Security", "event_id": 4624}, "user": {"name": "bob", "domain": "CORP"}, "source": {"ip": "10.20.30.35", "geo": {"country_name": "Spain", "city_name": "Madrid"}}, "winlog_logon_type": 3}
{"@timestamp": "2026-07-06T11:02:12+00:00", "host": {"name": "DC-01"}, "event": {"code": "4634", "provider": "Microsoft-Windows-Security-Auditing", "action": "logged-off", "category": ["authentication"], "outcome": "success"}, "winlog": {"channel": "Security", "event_id": 4634}, "user": {"name": "carol", "domain": "CORP"}}
{"@timestamp": "2026-07-06T11:08:30+00:00", "host": {"name": "DC-01"}, "event": {"code": "4624", "provider": "Microsoft-Windows-Security-Auditing", "action": "logged-in", "category": ["authentication"], "outcome": "success"}, "winlog": {"channel": "Security", "event_id": 4624}, "user": {"name": "alice", "domain": "CORP"}, "source": {"ip": "10.20.30.13", "geo": {"country_name": "Spain", "city_name": "Madrid"}}, "winlog_logon_type": 3}
{"@timestamp": "2026-07-06T11:13:55+00:00", "host": {"name": "DC-01"}, "event": {"code": "4624", "provider": "Microsoft-Windows-Security-Auditing", "action": "logged-in", "category": ["authentication"], "outcome": "success"}, "winlog": {"channel": "Security", "event_id": 4624}, "user": {"name": "carol", "domain": "CORP"}, "source": {"ip": "10.20.30.36", "geo": {"country_name": "Spain", "city_name": "Madrid"}}, "winlog_logon_type": 3}
{"@timestamp": "2026-07-06T11:15:37+00:00", "host": {"name": "DC-01"}, "event": {"code": "4634", "provider": "Microsoft-Windows-Security-Auditing", "action": "logged-off", "category": ["authentication"], "outcome": "success"}, "winlog": {"channel": "Security", "event_id": 4634}, "user": {"name": "alice", "domain": "CORP"}}
{"@timestamp": "2026-07-06T11:16:48+00:00", "host": {"name": "DC-01"}, "event": {"code": "4624", "provider": "Microsoft-Windows-Security-Auditing", "action": "logged-in", "category": ["authentication"], "outcome": "success"}, "winlog": {"channel": "Security", "event_id": 4624}, "user": {"name": "alice", "domain": "CORP"}, "source": {"ip": "10.20.30.27", "geo": {"country_name": "Spain", "city_name": "Madrid"}}, "winlog_logon_type": 3}
{"@timestamp": "2026-07-06T11:19:56+00:00", "host": {"name": "DC-01"}, "event": {"code": "4634", "provider": "Microsoft-Windows-Security-Auditing", "action": "logged-off", "category": ["authentication"], "outcome": "success"}, "winlog": {"channel": "Security", "event_id": 4634}, "user": {"name": "alice", "domain": "CORP"}}
{"@timestamp": "2026-07-06T11:20:47+00:00", "host": {"name": "DC-01"}, "event": {"code": "4624", "provider": "Microsoft-Windows-Security-Auditing", "action": "logged-in", "category": ["authentication"], "outcome": "success"}, "winlog": {"channel": "Security", "event_id": 4624}, "user": {"name": "bob", "domain": "CORP"}, "source": {"ip": "10.20.30.21", "geo": {"country_name": "Spain", "city_name": "Madrid"}}, "winlog_logon_type": 3}
{"@timestamp": "2026-07-06T11:26:18+00:00", "host": {"name": "DC-01"}, "event": {"code": "4624", "provider": "Microsoft-Windows-Security-Auditing", "action": "logged-in", "category": ["authentication"], "outcome": "success"}, "winlog": {"channel": "Security", "event_id": 4624}, "user": {"name": "alice", "domain": "CORP"}, "source": {"ip": "10.20.30.26", "geo": {"country_name": "Spain", "city_name": "Madrid"}}, "winlog_logon_type": 3}
{"@timestamp": "2026-07-06T11:28:30+00:00", "host": {"name": "DC-01"}, "event": {"code": "4634", "provider": "Microsoft-Windows-Security-Auditing", "action": "logged-off", "category": ["authentication"], "outcome": "success"}, "winlog": {"channel": "Security", "event_id": 4634}, "user": {"name": "alice", "domain": "CORP"}}
{"@timestamp": "2026-07-06T11:31:03+00:00", "host": {"name": "DC-01"}, "event": {"code": "4624", "provider": "Microsoft-Windows-Security-Auditing", "action": "logged-in", "category": ["authentication"], "outcome": "success"}, "winlog": {"channel": "Security", "event_id": 4624}, "user": {"name": "svc_backup", "domain": "CORP"}, "source": {"ip": "10.20.30.23", "geo": {"country_name": "Spain", "city_name": "Madrid"}}, "winlog_logon_type": 3}
{"@timestamp": "2026-07-06T11:34:21+00:00", "host": {"name": "DC-01"}, "event": {"code": "4624", "provider": "Microsoft-Windows-Security-Auditing", "action": "logged-in", "category": ["authentication"], "outcome": "success"}, "winlog": {"channel": "Security", "event_id": 4624}, "user": {"name": "alice", "domain": "CORP"}, "source": {"ip": "10.20.30.21", "geo": {"country_name": "Spain", "city_name": "Madrid"}}, "winlog_logon_type": 3}
{"@timestamp": "2026-07-06T11:42:19+00:00", "host": {"name": "DC-01"}, "event": {"code": "4624", "provider": "Microsoft-Windows-Security-Auditing", "action": "logged-in", "category": ["authentication"], "outcome": "success"}, "winlog": {"channel": "Security", "event_id": 4624}, "user": {"name": "bob", "domain": "CORP"}, "source": {"ip": "10.20.30.17", "geo": {"country_name": "Spain", "city_name": "Madrid"}}, "winlog_logon_type": 3}
{"@timestamp": "2026-07-06T11:44:57+00:00", "host": {"name": "DC-01"}, "event": {"code": "4624", "provider": "Microsoft-Windows-Security-Auditing", "action": "logged-in", "category": ["authentication"], "outcome": "success"}, "winlog": {"channel": "Security", "event_id": 4624}, "user": {"name": "bob", "domain": "CORP"}, "source": {"ip": "10.20.30.24", "geo": {"country_name": "Spain", "city_name": "Madrid"}}, "winlog_logon_type": 3}
{"@timestamp": "2026-07-06T11:48:57+00:00", "host": {"name": "DC-01"}, "event": {"code": "4624", "provider": "Microsoft-Windows-Security-Auditing", "action": "logged-in", "category": ["authentication"], "outcome": "success"}, "winlog": {"channel": "Security", "event_id": 4624}, "user": {"name": "svc_backup", "domain": "CORP"}, "source": {"ip": "10.20.30.17", "geo": {"country_name": "Spain", "city_name": "Madrid"}}, "winlog_logon_type": 3}
{"@timestamp": "2026-07-06T11:53:40+00:00", "host": {"name": "DC-01"}, "event": {"code": "4624", "provider": "Microsoft-Windows-Security-Auditing", "action": "logged-in", "category": ["authentication"], "outcome": "success"}, "winlog": {"channel": "Security", "event_id": 4624}, "user": {"name": "dave", "domain": "CORP"}, "source": {"ip": "10.20.30.21", "geo": {"country_name": "Spain", "city_name": "Madrid"}}, "winlog_logon_type": 3}
{"@timestamp": "2026-07-06T11:54:21+00:00", "host": {"name": "DC-01"}, "event": {"code": "4634", "provider": "Microsoft-Windows-Security-Auditing", "action": "logged-off", "category": ["authentication"], "outcome": "success"}, "winlog": {"channel": "Security", "event_id": 4634}, "user": {"name": "alice", "domain": "CORP"}}
{"@timestamp": "2026-07-06T11:59:34+00:00", "host": {"name": "DC-01"}, "event": {"code": "4624", "provider": "Microsoft-Windows-Security-Auditing", "action": "logged-in", "category": ["authentication"], "outcome": "success"}, "winlog": {"channel": "Security", "event_id": 4624}, "user": {"name": "bob", "domain": "CORP"}, "source": {"ip": "10.20.30.33", "geo": {"country_name": "Spain", "city_name": "Madrid"}}, "winlog_logon_type": 3}
{"@timestamp": "2026-07-06T12:19:34+00:00", "host": {"name": "DC-01"}, "event": {"code": "4634", "provider": "Microsoft-Windows-Security-Auditing", "action": "logged-off", "category": ["authentication"], "outcome": "success"}, "winlog": {"channel": "Security", "event_id": 4634}, "user": {"name": "bob", "domain": "CORP"}}
{"@timestamp": "2026-07-06T13:00:00+00:00", "host": {"name": "DC-01"}, "event": {"code": "4720", "provider": "Microsoft-Windows-Security-Auditing", "action": "added-user-account", "category": ["iam"], "outcome": "success"}, "winlog": {"channel": "Security", "event_id": 4720}, "user": {"name": "attacker_admin", "domain": "CORP"}, "winlog_event_data": {"TargetUserName": "attacker_admin", "SubjectUserName": "svc_backup"}}
{"@timestamp": "2026-07-06T13:00:42+00:00", "host": {"name": "DC-01"}, "event": {"code": "4732", "provider": "Microsoft-Windows-Security-Auditing", "action": "added-member-to-group", "category": ["iam"], "outcome": "success"}, "winlog": {"channel": "Security", "event_id": 4732}, "user": {"name": "attacker_admin", "domain": "CORP"}, "group": {"name": "Administrators"}, "winlog_event_data": {"TargetUserName": "attacker_admin", "SubjectUserName": "svc_backup", "GroupName": "Administrators"}}
